<?xml version="1.0" encoding="UTF-8"?>
<!-- Generated by org.testng.reporters.JUnitXMLReporter -->
<testsuite ignored="0" hostname="NikhilReddy" failures="1" tests="1" name="ChromeTest" time="2.698" errors="0" timestamp="2022-02-04T13:28:48 IST">
  <testcase classname="testCases.DriverTest" name="fnBrowserStart" time="2.572">
    <failure type="org.openqa.selenium.SessionNotCreatedException" message="session not created: This version of ChromeDriver only supports Chrome version 93
Current browser version is 97.0.4692.99 with binary path C:\Program Files (x86)\Google\Chrome\Application\chrome.exe
Build info: version: &amp;apos;3.141.59&amp;apos;, revision: &amp;apos;e82be7d358&amp;apos;, time: &amp;apos;2018-11-14T08:17:03&amp;apos;
System info: host: &amp;apos;NIKHILREDDY&amp;apos;, ip: &amp;apos;192.168.0.106&amp;apos;, os.name: &amp;apos;Windows 10&amp;apos;, os.arch: &amp;apos;amd64&amp;apos;, os.version: &amp;apos;10.0&amp;apos;, java.version: &amp;apos;15.0.1&amp;apos;
Driver info: driver.version: ChromeDriver
remote stacktrace: Backtrace:
	Ordinal0 [0x00B7D403+2479107]
	Ordinal0 [0x00B17D51+2063697]
	Ordinal0 [0x00A220C8+1056968]
	Ordinal0 [0x00A4043A+1180730]
	Ordinal0 [0x00A3C355+1164117]
	Ordinal0 [0x00A39B7F+1153919]
	Ordinal0 [0x00A69CBF+1350847]
	Ordinal0 [0x00A6992A+1349930]
	Ordinal0 [0x00A6583B+1333307]
	Ordinal0 [0x00A41F94+1187732]
	Ordinal0 [0x00A42DE9+1191401]
	GetHandleVerifier [0x00CFF3F6+1531734]
	GetHandleVerifier [0x00DAE9AE+2249998]
	GetHandleVerifier [0x00C039AB+501003]
	GetHandleVerifier [0x00C02A29+497033]
	Ordinal0 [0x00B1D11D+2085149]
	Ordinal0 [0x00B211C8+2101704]
	Ordinal0 [0x00B21302+2102018]
	Ordinal0 [0x00B2AA71+2140785]
	BaseThreadInitThunk [0x768C6739+25]
	RtlGetFullPathName_UEx [0x77BE8AFF+1215]
	RtlGetFullPathName_UEx [0x77BE8ACD+1165]
">
      <![CDATA[org.openqa.selenium.SessionNotCreatedException: session not created: This version of ChromeDriver only supports Chrome version 93
Current browser version is 97.0.4692.99 with binary path C:\Program Files (x86)\Google\Chrome\Application\chrome.exe
Build info: version: '3.141.59', revision: 'e82be7d358', time: '2018-11-14T08:17:03'
System info: host: 'NIKHILREDDY', ip: '192.168.0.106', os.name: 'Windows 10', os.arch: 'amd64', os.version: '10.0', java.version: '15.0.1'
Driver info: driver.version: ChromeDriver
remote stacktrace: Backtrace:
Ordinal0 [0x00B7D403+2479107]
Ordinal0 [0x00B17D51+2063697]
Ordinal0 [0x00A220C8+1056968]
Ordinal0 [0x00A4043A+1180730]
Ordinal0 [0x00A3C355+1164117]
Ordinal0 [0x00A39B7F+1153919]
Ordinal0 [0x00A69CBF+1350847]
Ordinal0 [0x00A6992A+1349930]
Ordinal0 [0x00A6583B+1333307]
Ordinal0 [0x00A41F94+1187732]
Ordinal0 [0x00A42DE9+1191401]
GetHandleVerifier [0x00CFF3F6+1531734]
GetHandleVerifier [0x00DAE9AE+2249998]
GetHandleVerifier [0x00C039AB+501003]
GetHandleVerifier [0x00C02A29+497033]
Ordinal0 [0x00B1D11D+2085149]
Ordinal0 [0x00B211C8+2101704]
Ordinal0 [0x00B21302+2102018]
Ordinal0 [0x00B2AA71+2140785]
BaseThreadInitThunk [0x768C6739+25]
RtlGetFullPathName_UEx [0x77BE8AFF+1215]
RtlGetFullPathName_UEx [0x77BE8ACD+1165]

at org.openqa.selenium.remote.W3CHandshakeResponse.lambda$errorHandler$0(W3CHandshakeResponse.java:62)
at org.openqa.selenium.remote.HandshakeResponse.lambda$getResponseFunction$0(HandshakeResponse.java:30)
at org.openqa.selenium.remote.ProtocolHandshake.lambda$createSession$0(ProtocolHandshake.java:126)
at java.base/java.util.stream.ReferencePipeline$3$1.accept(ReferencePipeline.java:195)
at java.base/java.util.Spliterators$ArraySpliterator.tryAdvance(Spliterators.java:958)
at java.base/java.util.stream.ReferencePipeline.forEachWithCancel(ReferencePipeline.java:127)
at java.base/java.util.stream.AbstractPipeline.copyIntoWithCancel(AbstractPipeline.java:502)
at java.base/java.util.stream.AbstractPipeline.copyInto(AbstractPipeline.java:488)
at java.base/java.util.stream.AbstractPipeline.wrapAndCopyInto(AbstractPipeline.java:474)
at java.base/java.util.stream.FindOps$FindOp.evaluateSequential(FindOps.java:150)
at java.base/java.util.stream.AbstractPipeline.evaluate(AbstractPipeline.java:234)
at java.base/java.util.stream.ReferencePipeline.findFirst(ReferencePipeline.java:543)
at org.openqa.selenium.remote.ProtocolHandshake.createSession(ProtocolHandshake.java:128)
at org.openqa.selenium.remote.ProtocolHandshake.createSession(ProtocolHandshake.java:74)
at org.openqa.selenium.remote.HttpCommandExecutor.execute(HttpCommandExecutor.java:136)
at org.openqa.selenium.remote.service.DriverCommandExecutor.execute(DriverCommandExecutor.java:83)
at org.openqa.selenium.remote.RemoteWebDriver.execute(RemoteWebDriver.java:552)
at org.openqa.selenium.remote.RemoteWebDriver.startSession(RemoteWebDriver.java:213)
at org.openqa.selenium.remote.RemoteWebDriver.<init>(RemoteWebDriver.java:131)
at org.openqa.selenium.chrome.ChromeDriver.<init>(ChromeDriver.java:181)
at org.openqa.selenium.chrome.ChromeDriver.<init>(ChromeDriver.java:168)
at org.openqa.selenium.chrome.ChromeDriver.<init>(ChromeDriver.java:123)
at testCases.DriverTest.fnBrowserStart(DriverTest.java:14)
at java.base/java.util.ArrayList.forEach(ArrayList.java:1511)
at java.base/java.util.concurrent.FutureTask.run(FutureTask.java:264)
at java.base/java.util.concurrent.ThreadPoolExecutor.runWorker(ThreadPoolExecutor.java:1130)
at java.base/java.util.concurrent.ThreadPoolExecutor$Worker.run(ThreadPoolExecutor.java:630)
at java.base/java.lang.Thread.run(Thread.java:832)
... Removed 23 stack frames]]>
    </failure>
  </testcase> <!-- fnBrowserStart -->
</testsuite> <!-- ChromeTest -->
